#
# There is insufficient memory for the Java Runtime Environment to continue.
# Native memory allocation (mmap) failed to map 201326592 bytes for Failed to commit area from 0x0000000741e00000 to 0x000000074de00000 of length 201326592.
# Possible reasons:
#   The system is out of physical RAM or swap space
#   The process is running with CompressedOops enabled, and the Java Heap may be blocking the growth of the native heap
# Possible solutions:
#   Reduce memory load on the system
#   Increase physical memory or swap space
#   Check if swap backing store is full
#   Decrease Java heap size (-Xmx/-Xms)
#   Decrease number of Java threads
#   Decrease Java thread stack sizes (-Xss)
#   Set larger code cache with -XX:ReservedCodeCacheSize=
# This output file may be truncated or incomplete.
#
#  Out of Memory Error (./src/hotspot/os/windows/os_windows.cpp:3301), pid=13728, tid=17516
#
# JRE version:  (11.0.10) (build )
# Java VM: OpenJDK 64-Bit Server VM (11.0.10+0-b96-7249189, mixed mode, sharing, tiered, compressed oops, g1 gc, windows-amd64)
# No core dump will be written. Minidumps are not enabled by default on client versions of Windows
#

---------------  S U M M A R Y ------------

Command Line: org.jetbrains.git4idea.http.GitAskPassApp Username for 'https://github.com': 

Host: Intel(R) Core(TM) i5-6200U CPU @ 2.30GHz, 4 cores, 11G,  Windows 10 , 64 bit Build 19041 (10.0.19041.1645)
Time: Fri May 13 15:26:45 2022 Middle East Daylight Time elapsed time: 0.025664 seconds (0d 0h 0m 0s)

---------------  T H R E A D  ---------------

Current thread (0x000001d2bea77800):  JavaThread "Unknown thread" [_thread_in_vm, id=17516, stack(0x0000004820000000,0x0000004820100000)]

Stack: [0x0000004820000000,0x0000004820100000]
Native frames: (J=compiled Java code, j=interpreted, Vv=VM code, C=native code)
V  [jvm.dll+0x5ecfaa]
V  [jvm.dll+0x722bd5]
V  [jvm.dll+0x72412d]
V  [jvm.dll+0x7247e3]
V  [jvm.dll+0x242928]
V  [jvm.dll+0x5ea374]
V  [jvm.dll+0x5df425]
V  [jvm.dll+0x2fdebb]
V  [jvm.dll+0x2fde2a]
V  [jvm.dll+0x2fdd02]
V  [jvm.dll+0x302bf6]
V  [jvm.dll+0x34b2a3]
V  [jvm.dll+0x34b9a6]
V  [jvm.dll+0x34b3a3]
V  [jvm.dll+0x2d8888]
V  [jvm.dll+0x2d9a37]
V  [jvm.dll+0x701737]
V  [jvm.dll+0x702f2c]
V  [jvm.dll+0x3587d9]
V  [jvm.dll+0x6e4fae]
V  [jvm.dll+0x3c0be3]
V  [jvm.dll+0x3c2e91]
C  [jli.dll+0x5373]
C  [ucrtbase.dll+0x21bb2]
C  [KERNEL32.DLL+0x17034]
C  [ntdll.dll+0x52651]


---------------  P R O C E S S  ---------------

Threads class SMR info:
_java_thread_list=0x000001d2be9769e0, length=0, elements={
}

Java Threads: ( => current thread )

Other Threads:
  0x000001d2bea8f000 GCTaskThread "GC Thread#0" [stack: 0x0000004820100000,0x0000004820200000] [id=16676]
  0x000001d2bead8000 ConcurrentGCThread "G1 Main Marker" [stack: 0x0000004820200000,0x0000004820300000] [id=3412]
  0x000001d2beada800 ConcurrentGCThread "G1 Conc#0" [stack: 0x0000004820300000,0x0000004820400000] [id=1848]

[error occurred during error reporting (printing all threads), id 0xc0000005, EXCEPTION_ACCESS_VIOLATION (0xc0000005) at pc=0x00007ff8f2989107]

VM state:not at safepoint (not fully initialized)

VM Mutex/Monitor currently owned by a thread:  ([mutex/lock_event])
[0x000001d2bea72a30] Heap_lock - owner thread: 0x000001d2bea77800

Heap address: 0x0000000741e00000, size: 3042 MB, Compressed Oops mode: Non-zero based: 0x0000000741e00000
Narrow klass base: 0x0000000000000000, Narrow klass shift: 0

GC Heap History (0 events):
No events

Deoptimization events (0 events):
No events

Classes redefined (0 events):
No events

Internal exceptions (0 events):
No events

Events (1 events):
Event: 0.016 Loaded shared library C:\Program Files\Android\Android Studio\jre\bin\zip.dll


Dynamic libraries:
0x00007ff768f60000 - 0x00007ff768f6a000 	C:\Program Files\Android\Android Studio\jre\bin\java.exe
0x00007ff969090000 - 0x00007ff969285000 	C:\WINDOWS\SYSTEM32\ntdll.dll
0x00007ff961360000 - 0x00007ff961376000 	C:\Program Files\Avast Software\Avast\aswhook.dll
0x00007ff967ae0000 - 0x00007ff967b9e000 	C:\WINDOWS\System32\KERNEL32.DLL
0x00007ff966b90000 - 0x00007ff966e58000 	C:\WINDOWS\System32\KERNELBASE.dll
0x00007ff966f70000 - 0x00007ff967070000 	C:\WINDOWS\System32\ucrtbase.dll
0x00007ff960120000 - 0x00007ff960137000 	C:\Program Files\Android\Android Studio\jre\bin\VCRUNTIME140.dll
0x00007ff962480000 - 0x00007ff962499000 	C:\Program Files\Android\Android Studio\jre\bin\jli.dll
0x00007ff968c80000 - 0x00007ff968e20000 	C:\WINDOWS\System32\USER32.dll
0x00007ff967070000 - 0x00007ff967092000 	C:\WINDOWS\System32\win32u.dll
0x00007ff94dec0000 - 0x00007ff94e15a000 	C:\WINDOWS\WinSxS\amd64_microsoft.windows.common-controls_6595b64144ccf1df_6.0.19041.1110_none_60b5254171f9507e\COMCTL32.dll
0x00007ff967ba0000 - 0x00007ff967bca000 	C:\WINDOWS\System32\GDI32.dll
0x00007ff9678a0000 - 0x00007ff96793e000 	C:\WINDOWS\System32\msvcrt.dll
0x00007ff966e60000 - 0x00007ff966f6b000 	C:\WINDOWS\System32\gdi32full.dll
0x00007ff9667b0000 - 0x00007ff96684d000 	C:\WINDOWS\System32\msvcp_win.dll
0x00007ff9689f0000 - 0x00007ff968a20000 	C:\WINDOWS\System32\IMM32.DLL
0x00007ff930090000 - 0x00007ff93012d000 	C:\Program Files\Android\Android Studio\jre\bin\msvcp140.dll
0x00007ff8f26a0000 - 0x00007ff8f316f000 	C:\Program Files\Android\Android Studio\jre\bin\server\jvm.dll
0x00007ff9677f0000 - 0x00007ff96789e000 	C:\WINDOWS\System32\ADVAPI32.dll
0x00007ff968950000 - 0x00007ff9689ec000 	C:\WINDOWS\System32\sechost.dll
0x00007ff968f10000 - 0x00007ff969035000 	C:\WINDOWS\System32\RPCRT4.dll
0x00007ff967ad0000 - 0x00007ff967ad8000 	C:\WINDOWS\System32\PSAPI.DLL
0x00007ff952980000 - 0x00007ff952989000 	C:\WINDOWS\SYSTEM32\WSOCK32.dll
0x00007ff967bd0000 - 0x00007ff967c3b000 	C:\WINDOWS\System32\WS2_32.dll
0x00007ff94e210000 - 0x00007ff94e237000 	C:\WINDOWS\SYSTEM32\WINMM.dll
0x00007ff960720000 - 0x00007ff96072a000 	C:\WINDOWS\SYSTEM32\VERSION.dll
0x00007ff964690000 - 0x00007ff9646a2000 	C:\WINDOWS\SYSTEM32\kernel.appcore.dll
0x00007ff9614b0000 - 0x00007ff9614c1000 	C:\Program Files\Android\Android Studio\jre\bin\verify.dll
0x00007ff95d710000 - 0x00007ff95d8f4000 	C:\WINDOWS\SYSTEM32\DBGHELP.DLL
0x00007ff95c1c0000 - 0x00007ff95c1ec000 	C:\WINDOWS\SYSTEM32\dbgcore.DLL
0x00007ff966a50000 - 0x00007ff966ad2000 	C:\WINDOWS\System32\bcryptPrimitives.dll
0x00007ff961480000 - 0x00007ff9614a9000 	C:\Program Files\Android\Android Studio\jre\bin\java.dll
0x00007ff9622c0000 - 0x00007ff9622cb000 	C:\Program Files\Android\Android Studio\jre\bin\jimage.dll
0x00007ff960140000 - 0x00007ff960158000 	C:\Program Files\Android\Android Studio\jre\bin\zip.dll

dbghelp: loaded successfully - version: 4.0.5 - missing functions: none
symbol engine: initialized successfully - sym options: 0x614 - pdb path: .;C:\Program Files\Android\Android Studio\jre\bin;C:\WINDOWS\SYSTEM32;C:\Program Files\Avast Software\Avast;C:\WINDOWS\WinSxS\amd64_microsoft.windows.common-controls_6595b64144ccf1df_6.0.19041.1110_none_60b5254171f9507e;C:\Program Files\Android\Android Studio\jre\bin\server

VM Arguments:
java_command: org.jetbrains.git4idea.http.GitAskPassApp Username for 'https://github.com': 
java_class_path (initial): C:/Program Files/Android/Android Studio/plugins/git4idea/lib/git4idea-rt.jar;C:/Program Files/Android/Android Studio/lib/xmlrpc-2.0.1.jar;C:/Program Files/Android/Android Studio/lib/commons-codec-1.14.jar
Launcher Type: SUN_STANDARD

[Global flags]
     intx CICompilerCount                          = 3                                         {product} {ergonomic}
     uint ConcGCThreads                            = 1                                         {product} {ergonomic}
     uint G1ConcRefinementThreads                  = 4                                         {product} {ergonomic}
   size_t G1HeapRegionSize                         = 1048576                                   {product} {ergonomic}
    uintx GCDrainStackTargetSize                   = 64                                        {product} {ergonomic}
   size_t InitialHeapSize                          = 201326592                                 {product} {ergonomic}
   size_t MarkStackSize                            = 4194304                                   {product} {ergonomic}
   size_t MaxHeapSize                              = 3189768192                                {product} {ergonomic}
   size_t MinHeapDeltaBytes                        = 1048576                                   {product} {ergonomic}
    uintx NonNMethodCodeHeapSize                   = 5830732                                {pd product} {ergonomic}
    uintx NonProfiledCodeHeapSize                  = 122913754                              {pd product} {ergonomic}
    uintx ProfiledCodeHeapSize                     = 122913754                              {pd product} {ergonomic}
    uintx ReservedCodeCacheSize                    = 251658240                              {pd product} {ergonomic}
     bool SegmentedCodeCache                       = true                                      {product} {ergonomic}
     bool UseCompressedClassPointers               = true                                 {lp64_product} {ergonomic}
     bool UseCompressedOops                        = true                                 {lp64_product} {ergonomic}
     bool UseG1GC                                  = true                                      {product} {ergonomic}
     bool UseLargePagesIndividualAllocation        = false                                  {pd product} {ergonomic}

Logging:
Log output configuration:
 #0: stdout all=warning uptime,level,tags
 #1: stderr all=off uptime,level,tags

Environment Variables:
JAVA_HOME=C:\Program Files\Amazon Corretto\jdk11.0.13_8
PATH=C:\Program Files\Git\mingw64\libexec\git-core;C:\Program Files\Git\mingw64\libexec\git-core;C:\Program Files\Git\mingw64\bin;C:\Program Files\Git\usr\bin;C:\Users\charb\bin;C:\Program Files\Amazon Corretto\jdk11.0.13_8\bin;C:\oraclexe\app\oracle\product\11.2.0\server\bin;C:\Program Files (x86)\Common Files\Oracle\Java\javapath;C:\Program Files (x86)\Intel\iCLS Client;C:\Program Files\Intel\iCLS Client;C:\WINDOWS\system32;C:\WINDOWS;C:\WINDOWS\System32\Wbem;C:\WINDOWS\System32\WindowsPowerShell\v1.0;C:\Program Files (x86)\Intel\Intel(R) Management Engine Components\DAL;C:\Program Files\Intel\Intel(R) Management Engine Components\DAL;C:\Program Files (x86)\Intel\Intel(R) Management Engine Components\IPT;C:\Program Files\Intel\Intel(R) Management Engine Components\IPT;C:\WINDOWS\System32\OpenSSH;C:\ProgramData\chocolatey\bin;C:\Program Files\Symfony;C:\Program Files\Git\cmd;C:\ProgramData\ComposerSetup\bin;C:\Users\charb\AppData\Roaming\Microsoft\Windows\Start Menu\Programs\Python 3.9;C:\Users\charb\AppData\Local\Packages\PythonSoftwareFoundation.Python.3.9_qbz5n2kfra8p0\LocalCache\local-packages\Python39\Scripts;C:\ProgramData\Microsoft\Windows\Start Menu\Programs\BlueStacks X;C:\Program Files\dotnet;C:\Program Files\Microsoft SQL Server\130\Tools\Binn;C:\Program Files\Microsoft SQL Server\Client SDK\ODBC\170\Tools\Binn;C:\Program Files\OpenSSL-Win64\bin;C:\Users\charb\AppData\Local\Microsoft\WindowsApps;C:\Users\charb\AppData\Local\Programs\Microsoft VS Code\bin;C:\MinGW\bin;C:\Users\charb\AppData\Local\GitHubDesktop\bin;C:\Users\charb\composer;C:\Users\charb\AppData\Roaming\Composer\vendor\bin;C:\Users\charb\AppData\Roaming\Microsoft\Windows\Start Menu\Programs\Python 3.9;C:\Users\charb\AppData\Local\Packages\PythonSoftwareFoundation.Python.3.9_qbz5n2kfra8p0\LocalCache\local-packages\Python39\Scripts;C:\ProgramData\Microsoft\Windows\Start Menu\Programs;C:\Program Files\JetBrains\IntelliJ IDEA 2021.3.1\bin;C:\Users\charb\.dotnet\tools
USERNAME=charb
DISPLAY=:0.0
LC_ALL=en_US.UTF-8
OS=Windows_NT
PROCESSOR_IDENTIFIER=Intel64 Family 6 Model 78 Stepping 3, GenuineIntel



---------------  S Y S T E M  ---------------

OS: Windows 10 , 64 bit Build 19041 (10.0.19041.1645)
OS uptime: 10 days 0:22 hours
Hyper-V role detected

CPU:total 4 (initial active 4) (2 cores per cpu, 2 threads per core) family 6 model 78 stepping 3 microcode 0xcc, cmov, cx8, fxsr, mmx, sse, sse2, sse3, ssse3, sse4.1, sse4.2, popcnt, avx, avx2, aes, clmul, erms, 3dnowpref, lzcnt, ht, tsc, tscinvbit, bmi1, bmi2, adx, fma

Memory: 4k page, system-wide physical 12161M (1014M free)
TotalPageFile size 49025M (AvailPageFile size 61M)
current process WorkingSet (physical memory assigned to process): 10M, peak: 10M
current process commit charge ("private bytes"): 51M, peak: 243M

vm_info: OpenJDK 64-Bit Server VM (11.0.10+0-b96-7249189) for windows-amd64 JRE (11.0.10+0-b96-7249189), built on Mar 31 2021 21:44:00 by "builder" with MS VC++ 14.0 (VS2015)

END.
